2024-10-05 22:25:30,376 INFO: Frame prediction: [[0.6350222 0.3649778]] [in C:\Users\aswal\deep_fake\app.py:80]
2024-10-05 22:25:30,575 INFO: Frame prediction: [[0.03876415 0.9612358 ]] [in C:\Users\aswal\deep_fake\app.py:80]
2024-10-05 22:25:30,860 INFO: Frame prediction: [[0.01455641 0.98544353]] [in C:\Users\aswal\deep_fake\app.py:80]
2024-10-05 22:25:32,323 INFO: Frame prediction: [[0.16050836 0.8394916 ]] [in C:\Users\aswal\deep_fake\app.py:80]
2024-10-05 22:25:32,566 INFO: Frame prediction: [[0.2022757 0.7977243]] [in C:\Users\aswal\deep_fake\app.py:80]
2024-10-05 22:25:32,780 INFO: Frame prediction: [[0.07673822 0.9232618 ]] [in C:\Users\aswal\deep_fake\app.py:80]
2024-10-05 22:25:33,090 INFO: Frame prediction: [[0.0115779 0.9884221]] [in C:\Users\aswal\deep_fake\app.py:80]
2024-10-05 22:25:33,340 INFO: Frame prediction: [[0.07973578 0.92026424]] [in C:\Users\aswal\deep_fake\app.py:80]
2024-10-05 22:25:33,545 INFO: Frame prediction: [[0.16282304 0.837177  ]] [in C:\Users\aswal\deep_fake\app.py:80]
2024-10-05 22:25:33,790 INFO: Frame prediction: [[0.8435717  0.15642825]] [in C:\Users\aswal\deep_fake\app.py:80]
2024-10-05 22:25:34,011 INFO: Frame prediction: [[0.28150204 0.71849793]] [in C:\Users\aswal\deep_fake\app.py:80]
2024-10-05 22:25:34,354 INFO: Frame prediction: [[0.5944094 0.4055906]] [in C:\Users\aswal\deep_fake\app.py:80]
2024-10-05 22:25:34,558 INFO: Frame prediction: [[0.9280177  0.07198232]] [in C:\Users\aswal\deep_fake\app.py:80]
2024-10-05 22:25:34,768 INFO: Frame prediction: [[0.964985   0.03501494]] [in C:\Users\aswal\deep_fake\app.py:80]
2024-10-05 22:25:35,004 INFO: Frame prediction: [[0.95342284 0.04657714]] [in C:\Users\aswal\deep_fake\app.py:80]
2024-10-05 22:25:35,268 INFO: Frame prediction: [[0.01035475 0.98964524]] [in C:\Users\aswal\deep_fake\app.py:80]
2024-10-05 22:25:35,485 INFO: Frame prediction: [[0.0718547 0.9281453]] [in C:\Users\aswal\deep_fake\app.py:80]
2024-10-05 22:25:35,718 INFO: Frame prediction: [[0.04525015 0.9547499 ]] [in C:\Users\aswal\deep_fake\app.py:80]
2024-10-05 22:25:35,925 INFO: Frame prediction: [[0.00425156 0.99574846]] [in C:\Users\aswal\deep_fake\app.py:80]
2024-10-05 22:25:36,147 INFO: Frame prediction: [[0.38123056 0.61876947]] [in C:\Users\aswal\deep_fake\app.py:80]
2024-10-05 22:25:36,365 INFO: Frame prediction: [[0.96818763 0.03181232]] [in C:\Users\aswal\deep_fake\app.py:80]
2024-10-05 22:25:36,569 INFO: Frame prediction: [[0.8702977  0.12970231]] [in C:\Users\aswal\deep_fake\app.py:80]
2024-10-05 22:25:36,788 INFO: Frame prediction: [[0.74319303 0.2568069 ]] [in C:\Users\aswal\deep_fake\app.py:80]
2024-10-05 22:25:37,008 INFO: Frame prediction: [[0.56777686 0.4322231 ]] [in C:\Users\aswal\deep_fake\app.py:80]
2024-10-05 22:25:37,244 INFO: Frame prediction: [[0.45177472 0.5482253 ]] [in C:\Users\aswal\deep_fake\app.py:80]
2024-10-05 22:25:37,447 INFO: Frame prediction: [[0.59038    0.40961996]] [in C:\Users\aswal\deep_fake\app.py:80]
2024-10-05 22:25:37,668 INFO: Frame prediction: [[0.61793417 0.3820658 ]] [in C:\Users\aswal\deep_fake\app.py:80]
2024-10-05 22:25:37,715 INFO: Fake frames: 30, Real frames: 17 [in C:\Users\aswal\deep_fake\app.py:105]
2024-10-05 22:29:52,347 INFO: Frame prediction: [[0.01650584 0.98349416]] [in C:\Users\aswal\deep_fake\app.py:80]
2024-10-05 22:29:52,491 INFO: Frame prediction: [[0.01937658 0.9806234 ]] [in C:\Users\aswal\deep_fake\app.py:80]
2024-10-05 22:29:52,643 INFO: Frame prediction: [[0.05996338 0.94003665]] [in C:\Users\aswal\deep_fake\app.py:80]
2024-10-05 22:29:53,452 INFO: Frame prediction: [[0.08575732 0.9142427 ]] [in C:\Users\aswal\deep_fake\app.py:80]
2024-10-05 22:29:53,626 INFO: Frame prediction: [[0.17234227 0.8276577 ]] [in C:\Users\aswal\deep_fake\app.py:80]
2024-10-05 22:29:54,279 INFO: Frame prediction: [[0.08175986 0.9182402 ]] [in C:\Users\aswal\deep_fake\app.py:80]
2024-10-05 22:29:55,020 INFO: Frame prediction: [[0.1255962  0.87440383]] [in C:\Users\aswal\deep_fake\app.py:80]
2024-10-05 22:29:55,290 INFO: Frame prediction: [[0.05523341 0.9447666 ]] [in C:\Users\aswal\deep_fake\app.py:80]
2024-10-05 22:29:55,489 INFO: Frame prediction: [[0.31452146 0.6854785 ]] [in C:\Users\aswal\deep_fake\app.py:80]
2024-10-05 22:29:55,675 INFO: Frame prediction: [[0.31546015 0.68453985]] [in C:\Users\aswal\deep_fake\app.py:80]
2024-10-05 22:29:55,845 INFO: Frame prediction: [[0.1129213  0.88707864]] [in C:\Users\aswal\deep_fake\app.py:80]
2024-10-05 22:29:56,034 INFO: Frame prediction: [[0.07350932 0.9264907 ]] [in C:\Users\aswal\deep_fake\app.py:80]
2024-10-05 22:29:56,228 INFO: Frame prediction: [[0.19920866 0.8007913 ]] [in C:\Users\aswal\deep_fake\app.py:80]
2024-10-05 22:29:56,386 INFO: Frame prediction: [[0.15908639 0.84091365]] [in C:\Users\aswal\deep_fake\app.py:80]
2024-10-05 22:29:56,574 INFO: Frame prediction: [[0.5310012  0.46899885]] [in C:\Users\aswal\deep_fake\app.py:80]
2024-10-05 22:29:56,739 INFO: Frame prediction: [[0.75598735 0.24401261]] [in C:\Users\aswal\deep_fake\app.py:80]
2024-10-05 22:29:57,305 INFO: Frame prediction: [[0.04773453 0.95226544]] [in C:\Users\aswal\deep_fake\app.py:80]
2024-10-05 22:29:57,493 INFO: Frame prediction: [[0.10132641 0.89867365]] [in C:\Users\aswal\deep_fake\app.py:80]
2024-10-05 22:29:57,666 INFO: Frame prediction: [[0.02972939 0.9702707 ]] [in C:\Users\aswal\deep_fake\app.py:80]
2024-10-05 22:29:58,889 INFO: Frame prediction: [[0.04054731 0.9594527 ]] [in C:\Users\aswal\deep_fake\app.py:80]
2024-10-05 22:29:59,037 INFO: Frame prediction: [[0.02560166 0.9743983 ]] [in C:\Users\aswal\deep_fake\app.py:80]
2024-10-05 22:29:59,056 INFO: Fake frames: 19, Real frames: 2 [in C:\Users\aswal\deep_fake\app.py:105]
